<?xml version="1.0" encoding="UTF-8"?>
<!-- Generated by org.testng.reporters.JUnitXMLReporter -->
<testsuite ignored="0" hostname="DESKTOP-L3QD2B7" failures="1" tests="1" name="Surefire test" time="0.06" errors="0" timestamp="2024-10-10T11:52:07 IST">
  <testcase classname="org.snapshot.amazon.CrossBrowser_DockerTest" name="browserTest" time="0.0">
    <failure type="org.testng.TestNGException" message="
Parameter &amp;apos;bname&amp;apos; is required by @Test on method browserTest but has not been marked @Optional or defined
">
      <![CDATA[org.testng.TestNGException: 
Parameter 'bname' is required by @Test on method browserTest but has not been marked @Optional or defined

at java.base/java.util.ArrayList.forEach(ArrayList.java:1511)
... Removed 31 stack frames]]>
    </failure>
  </testcase> <!-- browserTest -->
</testsuite> <!-- Surefire test -->
